Started GET "/" for ::1 at 2020-08-02 11:19:34 -0600
  [1m[35m (0.3ms)[0m  [1m[34mSELECT sqlite_version(*)[0m
  [1m[35m (0.1ms)[0m  [1m[34mSELECT "schema_migrations"."version" FROM "schema_migrations" ORDER BY "schema_migrations"."version" ASC[0m
Processing by StaticPagesController#home as HTML
  Rendering static_pages/home.html.erb within layouts/application
  Rendered static_pages/home.html.erb within layouts/application (Duration: 0.7ms | Allocations: 326)
[Webpacker] Everything's up-to-date. Nothing to do
Completed 200 OK in 72ms (Views: 67.6ms | ActiveRecord: 0.0ms | Allocations: 30446)


Started GET "/" for ::1 at 2020-08-02 11:19:47 -0600
Processing by StaticPagesController#home as HTML
  Rendering static_pages/home.html.erb within layouts/application
  Rendered static_pages/home.html.erb within layouts/application (Duration: 0.2ms | Allocations: 61)
[Webpacker] Everything's up-to-date. Nothing to do
Completed 200 OK in 6ms (Views: 5.8ms | ActiveRecord: 0.0ms | Allocations: 4341)


Started GET "/signup" for ::1 at 2020-08-02 11:19:51 -0600
Processing by StaticPagesController#signup as HTML
  Rendering static_pages/signup.html.erb within layouts/application
  Rendered static_pages/signup.html.erb within layouts/application (Duration: 1.8ms | Allocations: 1722)
Completed 500 Internal Server Error in 10ms (ActiveRecord: 0.6ms | Allocations: 6988)


  
ActionView::Template::Error (Missing partial layouts/_error_message with {:locale=>[:en], :formats=>[:html], :variants=>[], :handlers=>[:raw, :erb, :html, :builder, :ruby, :jbuilder]}. Searched in:
  * "/Users/jimmymillard/millardbautistadesigns/app/views"
  * "/Users/jimmymillard/.rvm/gems/ruby-2.6.1/gems/actiontext-6.0.3.2/app/views"
  * "/Users/jimmymillard/.rvm/gems/ruby-2.6.1/gems/actionmailbox-6.0.3.2/app/views"
):
    1: <h1> Sign Up Here</h1>
    2: 
    3: <%= render partial: 'layouts/error_message', locals: {object: @new_company} %>
    4: 
    5: <%= render 'companys/form' %>
  
app/views/static_pages/signup.html.erb:3
Started GET "/" for ::1 at 2020-08-02 11:19:58 -0600
Processing by StaticPagesController#home as HTML
  Rendering static_pages/home.html.erb within layouts/application
  Rendered static_pages/home.html.erb within layouts/application (Duration: 0.2ms | Allocations: 64)
[Webpacker] Everything's up-to-date. Nothing to do
Completed 200 OK in 6ms (Views: 5.4ms | ActiveRecord: 0.0ms | Allocations: 4372)


Started GET "/login" for ::1 at 2020-08-02 11:19:59 -0600
Processing by StaticPagesController#login as HTML
  Rendering static_pages/login.html.erb within layouts/application
  Rendered sessions/_login_form.html.erb (Duration: 9.8ms | Allocations: 3720)
  Rendered static_pages/login.html.erb within layouts/application (Duration: 10.7ms | Allocations: 4103)
[Webpacker] Everything's up-to-date. Nothing to do
Completed 200 OK in 16ms (Views: 15.1ms | ActiveRecord: 0.0ms | Allocations: 8422)


Started GET "/auth/facebook" for ::1 at 2020-08-02 11:20:02 -0600
  
ActionController::RoutingError (No route matches [GET] "/auth/facebook"):
  
actionpack (6.0.3.2) lib/action_dispatch/middleware/debug_exceptions.rb:36:in `call'
web-console (4.0.4) lib/web_console/middleware.rb:132:in `call_app'
web-console (4.0.4) lib/web_console/middleware.rb:28:in `block in call'
web-console (4.0.4) lib/web_console/middleware.rb:17:in `catch'
web-console (4.0.4) lib/web_console/middleware.rb:17:in `call'
actionpack (6.0.3.2) lib/action_dispatch/middleware/show_exceptions.rb:33:in `call'
railties (6.0.3.2) lib/rails/rack/logger.rb:37:in `call_app'
railties (6.0.3.2) lib/rails/rack/logger.rb:26:in `block in call'
activesupport (6.0.3.2) lib/active_support/tagged_logging.rb:80:in `block in tagged'
activesupport (6.0.3.2) lib/active_support/tagged_logging.rb:28:in `tagged'
activesupport (6.0.3.2) lib/active_support/tagged_logging.rb:80:in `tagged'
railties (6.0.3.2) lib/rails/rack/logger.rb:26:in `call'
sprockets-rails (3.2.1) lib/sprockets/rails/quiet_assets.rb:13:in `call'
actionpack (6.0.3.2) lib/action_dispatch/middleware/remote_ip.rb:81:in `call'
actionpack (6.0.3.2) lib/action_dispatch/middleware/request_id.rb:27:in `call'
rack (2.2.3) lib/rack/method_override.rb:24:in `call'
rack (2.2.3) lib/rack/runtime.rb:22:in `call'
activesupport (6.0.3.2) lib/active_support/cache/strategy/local_cache_middleware.rb:29:in `call'
actionpack (6.0.3.2) lib/action_dispatch/middleware/executor.rb:14:in `call'
actionpack (6.0.3.2) lib/action_dispatch/middleware/static.rb:126:in `call'
rack (2.2.3) lib/rack/sendfile.rb:110:in `call'
actionpack (6.0.3.2) lib/action_dispatch/middleware/host_authorization.rb:82:in `call'
webpacker (4.2.2) lib/webpacker/dev_server_proxy.rb:23:in `perform_request'
rack-proxy (0.6.5) lib/rack/proxy.rb:57:in `call'
railties (6.0.3.2) lib/rails/engine.rb:527:in `call'
puma (4.3.5) lib/puma/configuration.rb:228:in `call'
puma (4.3.5) lib/puma/server.rb:713:in `handle_request'
puma (4.3.5) lib/puma/server.rb:472:in `process_client'
puma (4.3.5) lib/puma/server.rb:328:in `block in run'
puma (4.3.5) lib/puma/thread_pool.rb:134:in `block in spawn_thread'
Started GET "/login" for ::1 at 2020-08-02 11:20:27 -0600
Processing by StaticPagesController#login as HTML
  Rendering static_pages/login.html.erb within layouts/application
  Rendered sessions/_login_form.html.erb (Duration: 0.5ms | Allocations: 299)
  Rendered static_pages/login.html.erb within layouts/application (Duration: 0.6ms | Allocations: 381)
[Webpacker] Everything's up-to-date. Nothing to do
Completed 200 OK in 6ms (Views: 5.2ms | ActiveRecord: 0.0ms | Allocations: 4659)


Started POST "/login" for ::1 at 2020-08-02 11:20:30 -0600
Processing by SessionsController#create as HTML
  Parameters: {"authenticity_token"=>"PEmJd/knNoln9kNBMDmpxPSh3aUSdxikm121Jmq1EqsjLf6o+Cxh/mWhPxVZJ6TvY/8fPE5+rJzXqZf9DByTtA==", "employee"=>{"email"=>"millardjimmy@gmail.com", "password"=>"[FILTERED]"}, "commit"=>"Login"}
Completed 500 Internal Server Error in 4ms (ActiveRecord: 0.0ms | Allocations: 1236)


  
LoadError (cannot load such file -- bcrypt):
  
app/models/employee.rb:2:in `<class:Employee>'
app/models/employee.rb:1:in `<main>'
app/controllers/sessions_controller.rb:4:in `create'
Started POST "/login" for ::1 at 2020-08-02 11:21:23 -0600
Processing by SessionsController#create as HTML
  Parameters: {"authenticity_token"=>"PEmJd/knNoln9kNBMDmpxPSh3aUSdxikm121Jmq1EqsjLf6o+Cxh/mWhPxVZJ6TvY/8fPE5+rJzXqZf9DByTtA==", "employee"=>{"email"=>"millardjimmy@gmail.com", "password"=>"[FILTERED]"}, "commit"=>"Login"}
  [1m[36mEmployee Load (0.5ms)[0m  [1m[34mSELECT "employees".* FROM "employees" WHERE "employees"."email" = ? LIMIT ?[0m  [["email", "millardjimmy@gmail.com"], ["LIMIT", 1]]
  ↳ app/controllers/sessions_controller.rb:4:in `create'
Redirected to http://localhost:3000/login
Completed 302 Found in 11ms (ActiveRecord: 0.8ms | Allocations: 3925)


Started GET "/login" for ::1 at 2020-08-02 11:21:23 -0600
Processing by StaticPagesController#login as HTML
  Rendering static_pages/login.html.erb within layouts/application
  Rendered sessions/_login_form.html.erb (Duration: 0.5ms | Allocations: 298)
  Rendered static_pages/login.html.erb within layouts/application (Duration: 0.7ms | Allocations: 379)
[Webpacker] Everything's up-to-date. Nothing to do
Completed 200 OK in 12ms (Views: 12.0ms | ActiveRecord: 0.0ms | Allocations: 4653)


Started POST "/login" for ::1 at 2020-08-02 11:21:25 -0600
Processing by SessionsController#create as HTML
  Parameters: {"authenticity_token"=>"i9rmFv9X3hBlueXOrhvKK0B4gu4batEiaFqGTG0PeISUvpHJ/lyJZ2fumZrHBccA1yZAd0djZRokrqSXC6b5mw==", "employee"=>{"email"=>"millardjimmy@gmail.com", "password"=>"[FILTERED]"}, "commit"=>"Login"}
  [1m[36mEmployee Load (0.1ms)[0m  [1m[34mSELECT "employees".* FROM "employees" WHERE "employees"."email" = ? LIMIT ?[0m  [["email", "millardjimmy@gmail.com"], ["LIMIT", 1]]
  ↳ app/controllers/sessions_controller.rb:4:in `create'
Redirected to http://localhost:3000/login
Completed 302 Found in 1ms (ActiveRecord: 0.1ms | Allocations: 963)


Started GET "/login" for ::1 at 2020-08-02 11:21:25 -0600
Processing by StaticPagesController#login as HTML
  Rendering static_pages/login.html.erb within layouts/application
  Rendered sessions/_login_form.html.erb (Duration: 0.4ms | Allocations: 297)
  Rendered static_pages/login.html.erb within layouts/application (Duration: 0.6ms | Allocations: 378)
[Webpacker] Everything's up-to-date. Nothing to do
Completed 200 OK in 6ms (Views: 5.8ms | ActiveRecord: 0.0ms | Allocations: 4647)


Started POST "/login" for ::1 at 2020-08-02 11:21:26 -0600
Processing by SessionsController#create as HTML
  Parameters: {"authenticity_token"=>"atUIjCW6emZUA44jrp6n4yFvPwKGnCf9Ljf3WOdOUEB1sX9TJLEtEVZU8nfHgKrItjH9m9qVk8Viw9WDgefRXw==", "employee"=>{"email"=>"millardjimmy@gmail.com", "password"=>"[FILTERED]"}, "commit"=>"Login"}
  [1m[36mEmployee Load (0.1ms)[0m  [1m[34mSELECT "employees".* FROM "employees" WHERE "employees"."email" = ? LIMIT ?[0m  [["email", "millardjimmy@gmail.com"], ["LIMIT", 1]]
  ↳ app/controllers/sessions_controller.rb:4:in `create'
Redirected to http://localhost:3000/login
Completed 302 Found in 1ms (ActiveRecord: 0.1ms | Allocations: 937)


Started GET "/login" for ::1 at 2020-08-02 11:21:26 -0600
Processing by StaticPagesController#login as HTML
  Rendering static_pages/login.html.erb within layouts/application
  Rendered sessions/_login_form.html.erb (Duration: 0.4ms | Allocations: 298)
  Rendered static_pages/login.html.erb within layouts/application (Duration: 0.6ms | Allocations: 379)
[Webpacker] Everything's up-to-date. Nothing to do
Completed 200 OK in 5ms (Views: 4.9ms | ActiveRecord: 0.0ms | Allocations: 4650)


Started GET "/" for ::1 at 2020-08-02 11:21:28 -0600
Processing by StaticPagesController#home as HTML
  Rendering static_pages/home.html.erb within layouts/application
  Rendered static_pages/home.html.erb within layouts/application (Duration: 0.1ms | Allocations: 60)
[Webpacker] Everything's up-to-date. Nothing to do
Completed 200 OK in 6ms (Views: 5.6ms | ActiveRecord: 0.0ms | Allocations: 4334)


Started GET "/signup" for ::1 at 2020-08-02 11:21:29 -0600
Processing by StaticPagesController#signup as HTML
  Rendering static_pages/signup.html.erb within layouts/application
  Rendered static_pages/signup.html.erb within layouts/application (Duration: 0.4ms | Allocations: 998)
Completed 500 Internal Server Error in 1ms (ActiveRecord: 0.0ms | Allocations: 1527)


  
ActionView::Template::Error (Missing partial layouts/_error_message with {:locale=>[:en], :formats=>[:html], :variants=>[], :handlers=>[:raw, :erb, :html, :builder, :ruby, :jbuilder]}. Searched in:
  * "/Users/jimmymillard/millardbautistadesigns/app/views"
  * "/Users/jimmymillard/.rvm/gems/ruby-2.6.1/gems/actiontext-6.0.3.2/app/views"
  * "/Users/jimmymillard/.rvm/gems/ruby-2.6.1/gems/actionmailbox-6.0.3.2/app/views"
):
    1: <h1> Sign Up Here</h1>
    2: 
    3: <%= render partial: 'layouts/error_message', locals: {object: @new_company} %>
    4: 
    5: <%= render 'companys/form' %>
  
app/views/static_pages/signup.html.erb:3
Started GET "/" for ::1 at 2020-08-02 11:24:49 -0600
Processing by StaticPagesController#home as HTML
  Rendering static_pages/home.html.erb within layouts/static_pages
  Rendered static_pages/home.html.erb within layouts/static_pages (Duration: 0.4ms | Allocations: 179)
Completed 500 Internal Server Error in 8ms (ActiveRecord: 0.0ms | Allocations: 9136)


  
ActionView::Template::Error (The asset "application.js" is not present in the asset pipeline.):
     6:     <%= csp_meta_tag %>
     7: 
     8:     <%= stylesheet_link_tag    'application', media: 'all', 'data-turbolinks-track': 'reload' %>
     9:     <%= javascript_include_tag 'application', 'data-turbolinks-track': 'reload' %>
    10:   </head>
    11: 
    12:   <body>
  
app/views/layouts/static_pages.html.erb:9
Started GET "/" for ::1 at 2020-08-02 11:26:13 -0600
Processing by StaticPagesController#home as HTML
  Rendering static_pages/home.html.erb within layouts/static_pages
  Rendered static_pages/home.html.erb within layouts/static_pages (Duration: 0.4ms | Allocations: 179)
Completed 200 OK in 10ms (Views: 9.6ms | ActiveRecord: 0.0ms | Allocations: 3001)


Started GET "/signup" for ::1 at 2020-08-02 11:34:40 -0600
  [1m[35m (0.1ms)[0m  [1m[34mSELECT sqlite_version(*)[0m
Processing by StaticPagesController#signup as HTML
  Rendering static_pages/signup.html.erb within layouts/static_pages
  Rendered layouts/_error_message.html.erb (Duration: 0.3ms | Allocations: 212)
  Rendered static_pages/signup.html.erb within layouts/static_pages (Duration: 2.1ms | Allocations: 1807)
Completed 500 Internal Server Error in 3ms (ActiveRecord: 0.0ms | Allocations: 2440)


  
ActionView::Template::Error (Missing partial companys/_form with {:locale=>[:en], :formats=>[:html], :variants=>[], :handlers=>[:raw, :erb, :html, :builder, :ruby, :jbuilder]}. Searched in:
  * "/Users/jimmymillard/millardbautistadesigns/app/views"
  * "/Users/jimmymillard/.rvm/gems/ruby-2.6.1/gems/actiontext-6.0.3.2/app/views"
  * "/Users/jimmymillard/.rvm/gems/ruby-2.6.1/gems/actionmailbox-6.0.3.2/app/views"
):
    2: 
    3: <%= render partial: 'layouts/error_message', locals: {object: @new_company} %>
    4: 
    5: <%= render 'companys/form' %>
  
app/views/static_pages/signup.html.erb:5
